# JRE version: OpenJDK Runtime Environment Temurin-17.0.11+9 (17.0.11+9) (build 17.0.11+9)
# Java VM: OpenJDK Client VM Temurin-17.0.11+9 (17.0.11+9, mixed mode, emulated-client, serial gc, windows-x86)
GC Precious Log:
 CPUs: 16 total, 16 available
 Memory: 32118M
 Large Page Support: Disabled
 NUMA Support: Disabled
 Compressed Oops: Disabled
 Heap Min Capacity: 6M
 Heap Initial Capacity: 16M
 Heap Max Capacity: 1536M
 Pre-touch: Disabled
Heap:
 def new generation   total 163968K, used 51720K [0x05400000, 0x105e0000, 0x25400000)
  eden space 145792K,  29% used [0x05400000, 0x07df3020, 0x0e260000)
  from space 18176K,  48% used [0x0e260000, 0x0eaef0a8, 0x0f420000)
  to   space 18176K,   0% used [0x0f420000, 0x0f420000, 0x105e0000)
 tenured generation   total 362256K, used 282510K [0x25400000, 0x3b5c4000, 0x65400000)
   the space 362256K,  77% used [0x25400000, 0x367e3a30, 0x367e3c00, 0x3b5c4000)
 Metaspace       used 97481K, committed 98112K, reserved 98304K
GC Heap History (20 events):
Event: 58.162 GC heap before
{Heap before GC invocations=116 (full 7):
 def new generation   total 163968K, used 150553K [0x05400000, 0x105e0000, 0x25400000)
  eden space 145792K, 100% used [0x05400000, 0x0e260000, 0x0e260000)
  from space 18176K,  26% used [0x0e260000, 0x0e706620, 0x0f420000)
  to   space 18176K,   0% used [0x0f420000, 0x0f420000, 0x105e0000)
 tenured generation   total 362256K, used 270515K [0x25400000, 0x3b5c4000, 0x65400000)
   the space 362256K,  74% used [0x25400000, 0x35c2cfc8, 0x35c2d000, 0x3b5c4000)
 Metaspace       used 90805K, committed 91392K, reserved 98304K
}
Event: 58.174 GC heap after
{Heap after GC invocations=117 (full 7):
 def new generation   total 163968K, used 4724K [0x05400000, 0x105e0000, 0x25400000)
  eden space 145792K,   0% used [0x05400000, 0x05400000, 0x0e260000)
  from space 18176K,  25% used [0x0f420000, 0x0f8bd368, 0x105e0000)
  to   space 18176K,   0% used [0x0e260000, 0x0e260000, 0x0f420000)
 tenured generation   total 362256K, used 270515K [0x25400000, 0x3b5c4000, 0x65400000)
   the space 362256K,  74% used [0x25400000, 0x35c2cfc8, 0x35c2d000, 0x3b5c4000)
 Metaspace       used 90805K, committed 91392K, reserved 98304K
}
Event: 58.324 GC heap before
{Heap before GC invocations=117 (full 7):
 def new generation   total 163968K, used 150516K [0x05400000, 0x105e0000, 0x25400000)
  eden space 145792K, 100% used [0x05400000, 0x0e260000, 0x0e260000)
  from space 18176K,  25% used [0x0f420000, 0x0f8bd368, 0x105e0000)
  to   space 18176K,   0% used [0x0e260000, 0x0e260000, 0x0f420000)
 tenured generation   total 362256K, used 270515K [0x25400000, 0x3b5c4000, 0x65400000)
   the space 362256K,  74% used [0x25400000, 0x35c2cfc8, 0x35c2d000, 0x3b5c4000)
 Metaspace       used 91049K, committed 91648K, reserved 98304K
}
Event: 58.337 GC heap after
{Heap after GC invocations=118 (full 7):
 def new generation   total 163968K, used 4002K [0x05400000, 0x105e0000, 0x25400000)
  eden space 145792K,   0% used [0x05400000, 0x05400000, 0x0e260000)
  from space 18176K,  22% used [0x0e260000, 0x0e648978, 0x0f420000)
  to   space 18176K,   0% used [0x0f420000, 0x0f420000, 0x105e0000)
 tenured generation   total 362256K, used 270515K [0x25400000, 0x3b5c4000, 0x65400000)
   the space 362256K,  74% used [0x25400000, 0x35c2cfc8, 0x35c2d000, 0x3b5c4000)
 Metaspace       used 91049K, committed 91648K, reserved 98304K
}
Event: 58.869 GC heap before
{Heap before GC invocations=118 (full 7):
 def new generation   total 163968K, used 149794K [0x05400000, 0x105e0000, 0x25400000)
  eden space 145792K, 100% used [0x05400000, 0x0e260000, 0x0e260000)
  from space 18176K,  22% used [0x0e260000, 0x0e648978, 0x0f420000)
  to   space 18176K,   0% used [0x0f420000, 0x0f420000, 0x105e0000)
 tenured generation   total 362256K, used 270515K [0x25400000, 0x3b5c4000, 0x65400000)
   the space 362256K,  74% used [0x25400000, 0x35c2cfc8, 0x35c2d000, 0x3b5c4000)
 Metaspace       used 91274K, committed 91840K, reserved 98304K
}
Event: 58.886 GC heap after
{Heap after GC invocations=119 (full 7):
 def new generation   total 163968K, used 8736K [0x05400000, 0x105e0000, 0x25400000)
  eden space 145792K,   0% used [0x05400000, 0x05400000, 0x0e260000)
  from space 18176K,  48% used [0x0f420000, 0x0fca8288, 0x105e0000)
  to   space 18176K,   0% used [0x0e260000, 0x0e260000, 0x0f420000)
 tenured generation   total 362256K, used 270515K [0x25400000, 0x3b5c4000, 0x65400000)
   the space 362256K,  74% used [0x25400000, 0x35c2cfc8, 0x35c2d000, 0x3b5c4000)
 Metaspace       used 91274K, committed 91840K, reserved 98304K
}
Event: 59.513 GC heap before
{Heap before GC invocations=119 (full 7):
 def new generation   total 163968K, used 154528K [0x05400000, 0x105e0000, 0x25400000)
  eden space 145792K, 100% used [0x05400000, 0x0e260000, 0x0e260000)
  from space 18176K,  48% used [0x0f420000, 0x0fca8288, 0x105e0000)
  to   space 18176K,   0% used [0x0e260000, 0x0e260000, 0x0f420000)
 tenured generation   total 362256K, used 270515K [0x25400000, 0x3b5c4000, 0x65400000)
   the space 362256K,  74% used [0x25400000, 0x35c2cfc8, 0x35c2d000, 0x3b5c4000)
 Metaspace       used 93119K, committed 93696K, reserved 98304K
}
Event: 59.544 GC heap after
{Heap after GC invocations=120 (full 7):
 def new generation   total 163968K, used 9588K [0x05400000, 0x105e0000, 0x25400000)
  eden space 145792K,   0% used [0x05400000, 0x05400000, 0x0e260000)
  from space 18176K,  52% used [0x0e260000, 0x0ebbd228, 0x0f420000)
  to   space 18176K,   0% used [0x0f420000, 0x0f420000, 0x105e0000)
 tenured generation   total 362256K, used 270515K [0x25400000, 0x3b5c4000, 0x65400000)
   the space 362256K,  74% used [0x25400000, 0x35c2cfc8, 0x35c2d000, 0x3b5c4000)
 Metaspace       used 93119K, committed 93696K, reserved 98304K
}
Event: 59.673 GC heap before
{Heap before GC invocations=120 (full 7):
 def new generation   total 163968K, used 155380K [0x05400000, 0x105e0000, 0x25400000)
  eden space 145792K, 100% used [0x05400000, 0x0e260000, 0x0e260000)
  from space 18176K,  52% used [0x0e260000, 0x0ebbd228, 0x0f420000)
  to   space 18176K,   0% used [0x0f420000, 0x0f420000, 0x105e0000)
 tenured generation   total 362256K, used 270515K [0x25400000, 0x3b5c4000, 0x65400000)
   the space 362256K,  74% used [0x25400000, 0x35c2cfc8, 0x35c2d000, 0x3b5c4000)
 Metaspace       used 93188K, committed 93760K, reserved 98304K
}
Event: 59.693 GC heap after
{Heap after GC invocations=121 (full 7):
 def new generation   total 163968K, used 9130K [0x05400000, 0x105e0000, 0x25400000)
  eden space 145792K,   0% used [0x05400000, 0x05400000, 0x0e260000)
  from space 18176K,  50% used [0x0f420000, 0x0fd0a850, 0x105e0000)
  to   space 18176K,   0% used [0x0e260000, 0x0e260000, 0x0f420000)
 tenured generation   total 362256K, used 271496K [0x25400000, 0x3b5c4000, 0x65400000)
   the space 362256K,  74% used [0x25400000, 0x35d22018, 0x35d22200, 0x3b5c4000)
 Metaspace       used 93188K, committed 93760K, reserved 98304K
}
Event: 59.774 GC heap before
{Heap before GC invocations=121 (full 7):
 def new generation   total 163968K, used 154922K [0x05400000, 0x105e0000, 0x25400000)
  eden space 145792K, 100% used [0x05400000, 0x0e260000, 0x0e260000)
  from space 18176K,  50% used [0x0f420000, 0x0fd0a850, 0x105e0000)
  to   space 18176K,   0% used [0x0e260000, 0x0e260000, 0x0f420000)
 tenured generation   total 362256K, used 271496K [0x25400000, 0x3b5c4000, 0x65400000)
   the space 362256K,  74% used [0x25400000, 0x35d22018, 0x35d22200, 0x3b5c4000)
 Metaspace       used 93211K, committed 93824K, reserved 98304K
}
Event: 59.793 GC heap after
{Heap after GC invocations=122 (full 7):
 def new generation   total 163968K, used 9088K [0x05400000, 0x105e0000, 0x25400000)
  eden space 145792K,   0% used [0x05400000, 0x05400000, 0x0e260000)
  from space 18176K,  50% used [0x0e260000, 0x0eb40200, 0x0f420000)
  to   space 18176K,   0% used [0x0f420000, 0x0f420000, 0x105e0000)
 tenured generation   total 362256K, used 271720K [0x25400000, 0x3b5c4000, 0x65400000)
   the space 362256K,  75% used [0x25400000, 0x35d5a140, 0x35d5a200, 0x3b5c4000)
 Metaspace       used 93211K, committed 93824K, reserved 98304K
}
Event: 59.860 GC heap before
{Heap before GC invocations=122 (full 7):
 def new generation   total 163968K, used 154880K [0x05400000, 0x105e0000, 0x25400000)
  eden space 145792K, 100% used [0x05400000, 0x0e260000, 0x0e260000)
  from space 18176K,  50% used [0x0e260000, 0x0eb40200, 0x0f420000)
  to   space 18176K,   0% used [0x0f420000, 0x0f420000, 0x105e0000)
 tenured generation   total 362256K, used 271720K [0x25400000, 0x3b5c4000, 0x65400000)
   the space 362256K,  75% used [0x25400000, 0x35d5a140, 0x35d5a200, 0x3b5c4000)
 Metaspace       used 93218K, committed 93824K, reserved 98304K
}
Event: 59.878 GC heap after
{Heap after GC invocations=123 (full 7):
 def new generation   total 163968K, used 9288K [0x05400000, 0x105e0000, 0x25400000)
  eden space 145792K,   0% used [0x05400000, 0x05400000, 0x0e260000)
  from space 18176K,  51% used [0x0f420000, 0x0fd32188, 0x105e0000)
  to   space 18176K,   0% used [0x0e260000, 0x0e260000, 0x0f420000)
 tenured generation   total 362256K, used 271849K [0x25400000, 0x3b5c4000, 0x65400000)
   the space 362256K,  75% used [0x25400000, 0x35d7a590, 0x35d7a600, 0x3b5c4000)
 Metaspace       used 93218K, committed 93824K, reserved 98304K
}
Event: 60.197 GC heap before
{Heap before GC invocations=123 (full 7):
 def new generation   total 163968K, used 155080K [0x05400000, 0x105e0000, 0x25400000)
  eden space 145792K, 100% used [0x05400000, 0x0e260000, 0x0e260000)
  from space 18176K,  51% used [0x0f420000, 0x0fd32188, 0x105e0000)
  to   space 18176K,   0% used [0x0e260000, 0x0e260000, 0x0f420000)
 tenured generation   total 362256K, used 271849K [0x25400000, 0x3b5c4000, 0x65400000)
   the space 362256K,  75% used [0x25400000, 0x35d7a590, 0x35d7a600, 0x3b5c4000)
 Metaspace       used 93814K, committed 94400K, reserved 98304K
}
Event: 60.234 GC heap after
{Heap after GC invocations=124 (full 7):
 def new generation   total 163968K, used 18176K [0x05400000, 0x105e0000, 0x25400000)
  eden space 145792K,   0% used [0x05400000, 0x05400000, 0x0e260000)
  from space 18176K, 100% used [0x0e260000, 0x0f420000, 0x0f420000)
  to   space 18176K,   0% used [0x0f420000, 0x0f420000, 0x105e0000)
 tenured generation   total 362256K, used 272298K [0x25400000, 0x3b5c4000, 0x65400000)
   the space 362256K,  75% used [0x25400000, 0x35deaa20, 0x35deac00, 0x3b5c4000)
 Metaspace       used 93814K, committed 94400K, reserved 98304K
}
Event: 60.513 GC heap before
{Heap before GC invocations=124 (full 7):
 def new generation   total 163968K, used 163968K [0x05400000, 0x105e0000, 0x25400000)
  eden space 145792K, 100% used [0x05400000, 0x0e260000, 0x0e260000)
  from space 18176K, 100% used [0x0e260000, 0x0f420000, 0x0f420000)
  to   space 18176K,   0% used [0x0f420000, 0x0f420000, 0x105e0000)
 tenured generation   total 362256K, used 272298K [0x25400000, 0x3b5c4000, 0x65400000)
   the space 362256K,  75% used [0x25400000, 0x35deaa20, 0x35deac00, 0x3b5c4000)
 Metaspace       used 94043K, committed 94656K, reserved 98304K
}
Event: 60.536 GC heap after
{Heap after GC invocations=125 (full 7):
 def new generation   total 163968K, used 777K [0x05400000, 0x105e0000, 0x25400000)
  eden space 145792K,   0% used [0x05400000, 0x05400000, 0x0e260000)
  from space 18176K,   4% used [0x0f420000, 0x0f4e2770, 0x105e0000)
  to   space 18176K,   0% used [0x0e260000, 0x0e260000, 0x0f420000)
 tenured generation   total 362256K, used 282510K [0x25400000, 0x3b5c4000, 0x65400000)
   the space 362256K,  77% used [0x25400000, 0x367e3a30, 0x367e3c00, 0x3b5c4000)
 Metaspace       used 94043K, committed 94656K, reserved 98304K
}
Event: 63.980 GC heap before
{Heap before GC invocations=125 (full 7):
 def new generation   total 163968K, used 146569K [0x05400000, 0x105e0000, 0x25400000)
  eden space 145792K, 100% used [0x05400000, 0x0e260000, 0x0e260000)
  from space 18176K,   4% used [0x0f420000, 0x0f4e2770, 0x105e0000)
  to   space 18176K,   0% used [0x0e260000, 0x0e260000, 0x0f420000)
 tenured generation   total 362256K, used 282510K [0x25400000, 0x3b5c4000, 0x65400000)
   the space 362256K,  77% used [0x25400000, 0x367e3a30, 0x367e3c00, 0x3b5c4000)
 Metaspace       used 95960K, committed 96640K, reserved 98304K
}
Event: 64.019 GC heap after
{Heap after GC invocations=126 (full 7):
 def new generation   total 163968K, used 8764K [0x05400000, 0x105e0000, 0x25400000)
  eden space 145792K,   0% used [0x05400000, 0x05400000, 0x0e260000)
  from space 18176K,  48% used [0x0e260000, 0x0eaef0a8, 0x0f420000)
  to   space 18176K,   0% used [0x0f420000, 0x0f420000, 0x105e0000)
 tenured generation   total 362256K, used 282510K [0x25400000, 0x3b5c4000, 0x65400000)
   the space 362256K,  77% used [0x25400000, 0x367e3a30, 0x367e3c00, 0x3b5c4000)
 Metaspace       used 95960K, committed 96640K, reserved 98304K
}

